<?xml version="1.0" encoding="UTF-8"?>
<!-- Generated by org.testng.reporters.JUnitXMLReporter -->
<testsuite ignored="0" hostname="Salim-PC" failures="0" tests="4" name="Default test" time="35.254" errors="0" timestamp="2023-06-18T10:09:46 MDT">
  <testcase classname="dataProvider.DataReading" name="readData" time="15.948"/>
  <testcase classname="dataProvider.DataReading" name="readData" time="9.745"/>
  <testcase classname="dataProvider.DataReading" name="readData" time="9.484"/>
  <testcase classname="dataProvider.DataReading" name="readDataFromCSV" time="0.006"/>
</testsuite> <!-- Default test -->
