<?xml version="1.0" encoding="UTF-8"?>
<!-- Generated by org.testng.reporters.JUnitXMLReporter -->
<testsuite ignored="0" hostname="Salim-PC" failures="3" tests="3" name="EdgeTest" time="20.811" errors="0" timestamp="2023-06-04T16:47:09 MDT">
  <testcase classname="multipleBrowsers.CrossBrowsing" name="runInChrome" time="4.303">
    <failure type="org.openqa.selenium.ElementClickInterceptedException" message="element click intercepted: Element &amp;lt;h5&amp;gt;...&amp;lt;/h5&amp;gt; is not clickable at point (102, 498). Other element would receive the click: &amp;lt;div id=&amp;quot;adplus-anchor&amp;quot; data-google-query-id=&amp;quot;CIfvi4HZqv8CFcorAQodTzQMLQ&amp;quot;&amp;gt;...&amp;lt;/div&amp;gt;
  (Session info: MicrosoftEdge=114.0.1823.37)
Build info: version: &amp;apos;4.9.1&amp;apos;, revision: &amp;apos;eb2032df7f&amp;apos;
System info: os.name: &amp;apos;Windows 11&amp;apos;, os.arch: &amp;apos;amd64&amp;apos;, os.version: &amp;apos;10.0&amp;apos;, java.version: &amp;apos;20.0.1&amp;apos;
Driver info: org.openqa.selenium.edge.EdgeDriver
Command: [a1cd3033b85cd1f5aa4636f8af08c8c1, clickElement {id=F5D0B0DFFB4B77193BCD9A1F189CB738_element_47}]
Capabilities {acceptInsecureCerts: false, browserName: msedge, browserVersion: 114.0.1823.37, ms:edgeOptions: {debuggerAddress: localhost:57655}, msedge: {msedgedriverVersion: 114.0.1823.37 (7a86dd8802e2..., userDataDir: C:\Users\salim\AppData\Loca...}, networkConnectionEnabled: false, pageLoadStrategy: normal, platformName: windows, proxy: Proxy(), se:cdp: ws://localhost:57655/devtoo..., se:cdpVersion: 114.0.1823.37, setWindowRect: true, strictFileInteractability: false, timeouts: {implicit: 0, pageLoad: 300000, script: 30000}, unhandledPromptBehavior: dismiss and notify, webauthn:extension:credBlob: true, webauthn:extension:largeBlob: true, webauthn:extension:minPinLength: true, webauthn:extension:prf: true, webauthn:virtualAuthenticators: true}
Element: [[EdgeDriver: msedge on windows (a1cd3033b85cd1f5aa4636f8af08c8c1)] -&amp;gt; xpath: //h5[normalize-space()=&amp;apos;Book Store Application&amp;apos;]]
Session ID: a1cd3033b85cd1f5aa4636f8af08c8c1">
      <![CDATA[org.openqa.selenium.ElementClickInterceptedException: element click intercepted: Element <h5>...</h5> is not clickable at point (102, 498). Other element would receive the click: <div id="adplus-anchor" data-google-query-id="CIfvi4HZqv8CFcorAQodTzQMLQ">...</div>
  (Session info: MicrosoftEdge=114.0.1823.37)
Build info: version: '4.9.1', revision: 'eb2032df7f'
System info: os.name: 'Windows 11', os.arch: 'amd64', os.version: '10.0', java.version: '20.0.1'
Driver info: org.openqa.selenium.edge.EdgeDriver
Command: [a1cd3033b85cd1f5aa4636f8af08c8c1, clickElement {id=F5D0B0DFFB4B77193BCD9A1F189CB738_element_47}]
Capabilities {acceptInsecureCerts: false, browserName: msedge, browserVersion: 114.0.1823.37, ms:edgeOptions: {debuggerAddress: localhost:57655}, msedge: {msedgedriverVersion: 114.0.1823.37 (7a86dd8802e2..., userDataDir: C:\Users\salim\AppData\Loca...}, networkConnectionEnabled: false, pageLoadStrategy: normal, platformName: windows, proxy: Proxy(), se:cdp: ws://localhost:57655/devtoo..., se:cdpVersion: 114.0.1823.37, setWindowRect: true, strictFileInteractability: false, timeouts: {implicit: 0, pageLoad: 300000, script: 30000}, unhandledPromptBehavior: dismiss and notify, webauthn:extension:credBlob: true, webauthn:extension:largeBlob: true, webauthn:extension:minPinLength: true, webauthn:extension:prf: true, webauthn:virtualAuthenticators: true}
Element: [[EdgeDriver: msedge on windows (a1cd3033b85cd1f5aa4636f8af08c8c1)] -> xpath: //h5[normalize-space()='Book Store Application']]
Session ID: a1cd3033b85cd1f5aa4636f8af08c8c1
at org.openqa.selenium.remote.codec.w3c.W3CHttpResponseCodec.createException(W3CHttpResponseCodec.java:200)
at org.openqa.selenium.remote.codec.w3c.W3CHttpResponseCodec.decode(W3CHttpResponseCodec.java:133)
at org.openqa.selenium.remote.codec.w3c.W3CHttpResponseCodec.decode(W3CHttpResponseCodec.java:53)
at org.openqa.selenium.remote.HttpCommandExecutor.execute(HttpCommandExecutor.java:193)
at org.openqa.selenium.remote.service.DriverCommandExecutor.invokeExecute(DriverCommandExecutor.java:183)
at org.openqa.selenium.remote.service.DriverCommandExecutor.execute(DriverCommandExecutor.java:158)
at org.openqa.selenium.remote.RemoteWebDriver.execute(RemoteWebDriver.java:543)
at org.openqa.selenium.remote.RemoteWebElement.execute(RemoteWebElement.java:257)
at org.openqa.selenium.remote.RemoteWebElement.click(RemoteWebElement.java:78)
at multipleBrowsers.CrossBrowsing.runInChrome(CrossBrowsing.java:35)
at java.base/java.util.ArrayList.forEach(ArrayList.java:1511)
... Removed 28 stack frames]]>
    </failure>
  </testcase> <!-- runInChrome -->
  <testcase classname="multipleBrowsers.CrossBrowsing" name="runInEdge" time="4.177">
    <failure type="org.openqa.selenium.ElementClickInterceptedException" message="element click intercepted: Element &amp;lt;h5&amp;gt;...&amp;lt;/h5&amp;gt; is not clickable at point (102, 498). Other element would receive the click: &amp;lt;div id=&amp;quot;adplus-anchor&amp;quot; data-google-query-id=&amp;quot;CIfvi4HZqv8CFcorAQodTzQMLQ&amp;quot;&amp;gt;...&amp;lt;/div&amp;gt;
  (Session info: MicrosoftEdge=114.0.1823.37)
Build info: version: &amp;apos;4.9.1&amp;apos;, revision: &amp;apos;eb2032df7f&amp;apos;
System info: os.name: &amp;apos;Windows 11&amp;apos;, os.arch: &amp;apos;amd64&amp;apos;, os.version: &amp;apos;10.0&amp;apos;, java.version: &amp;apos;20.0.1&amp;apos;
Driver info: org.openqa.selenium.edge.EdgeDriver
Command: [a1cd3033b85cd1f5aa4636f8af08c8c1, clickElement {id=F5D0B0DFFB4B77193BCD9A1F189CB738_element_47}]
Capabilities {acceptInsecureCerts: false, browserName: msedge, browserVersion: 114.0.1823.37, ms:edgeOptions: {debuggerAddress: localhost:57655}, msedge: {msedgedriverVersion: 114.0.1823.37 (7a86dd8802e2..., userDataDir: C:\Users\salim\AppData\Loca...}, networkConnectionEnabled: false, pageLoadStrategy: normal, platformName: windows, proxy: Proxy(), se:cdp: ws://localhost:57655/devtoo..., se:cdpVersion: 114.0.1823.37, setWindowRect: true, strictFileInteractability: false, timeouts: {implicit: 0, pageLoad: 300000, script: 30000}, unhandledPromptBehavior: dismiss and notify, webauthn:extension:credBlob: true, webauthn:extension:largeBlob: true, webauthn:extension:minPinLength: true, webauthn:extension:prf: true, webauthn:virtualAuthenticators: true}
Element: [[EdgeDriver: msedge on windows (a1cd3033b85cd1f5aa4636f8af08c8c1)] -&amp;gt; xpath: //h5[normalize-space()=&amp;apos;Book Store Application&amp;apos;]]
Session ID: a1cd3033b85cd1f5aa4636f8af08c8c1">
      <![CDATA[org.openqa.selenium.ElementClickInterceptedException: element click intercepted: Element <h5>...</h5> is not clickable at point (102, 498). Other element would receive the click: <div id="adplus-anchor" data-google-query-id="CIfvi4HZqv8CFcorAQodTzQMLQ">...</div>
  (Session info: MicrosoftEdge=114.0.1823.37)
Build info: version: '4.9.1', revision: 'eb2032df7f'
System info: os.name: 'Windows 11', os.arch: 'amd64', os.version: '10.0', java.version: '20.0.1'
Driver info: org.openqa.selenium.edge.EdgeDriver
Command: [a1cd3033b85cd1f5aa4636f8af08c8c1, clickElement {id=F5D0B0DFFB4B77193BCD9A1F189CB738_element_47}]
Capabilities {acceptInsecureCerts: false, browserName: msedge, browserVersion: 114.0.1823.37, ms:edgeOptions: {debuggerAddress: localhost:57655}, msedge: {msedgedriverVersion: 114.0.1823.37 (7a86dd8802e2..., userDataDir: C:\Users\salim\AppData\Loca...}, networkConnectionEnabled: false, pageLoadStrategy: normal, platformName: windows, proxy: Proxy(), se:cdp: ws://localhost:57655/devtoo..., se:cdpVersion: 114.0.1823.37, setWindowRect: true, strictFileInteractability: false, timeouts: {implicit: 0, pageLoad: 300000, script: 30000}, unhandledPromptBehavior: dismiss and notify, webauthn:extension:credBlob: true, webauthn:extension:largeBlob: true, webauthn:extension:minPinLength: true, webauthn:extension:prf: true, webauthn:virtualAuthenticators: true}
Element: [[EdgeDriver: msedge on windows (a1cd3033b85cd1f5aa4636f8af08c8c1)] -> xpath: //h5[normalize-space()='Book Store Application']]
Session ID: a1cd3033b85cd1f5aa4636f8af08c8c1
at org.openqa.selenium.remote.codec.w3c.W3CHttpResponseCodec.createException(W3CHttpResponseCodec.java:200)
at org.openqa.selenium.remote.codec.w3c.W3CHttpResponseCodec.decode(W3CHttpResponseCodec.java:133)
at org.openqa.selenium.remote.codec.w3c.W3CHttpResponseCodec.decode(W3CHttpResponseCodec.java:53)
at org.openqa.selenium.remote.HttpCommandExecutor.execute(HttpCommandExecutor.java:193)
at org.openqa.selenium.remote.service.DriverCommandExecutor.invokeExecute(DriverCommandExecutor.java:183)
at org.openqa.selenium.remote.service.DriverCommandExecutor.execute(DriverCommandExecutor.java:158)
at org.openqa.selenium.remote.RemoteWebDriver.execute(RemoteWebDriver.java:543)
at org.openqa.selenium.remote.RemoteWebElement.execute(RemoteWebElement.java:257)
at org.openqa.selenium.remote.RemoteWebElement.click(RemoteWebElement.java:78)
at multipleBrowsers.CrossBrowsing.runInEdge(CrossBrowsing.java:49)
at java.base/java.util.ArrayList.forEach(ArrayList.java:1511)
... Removed 28 stack frames]]>
    </failure>
  </testcase> <!-- runInEdge -->
  <testcase classname="multipleBrowsers.CrossBrowsing" name="runInFirefox" time="4.14">
    <failure type="org.openqa.selenium.ElementClickInterceptedException" message="element click intercepted: Element &amp;lt;h5&amp;gt;...&amp;lt;/h5&amp;gt; is not clickable at point (102, 498). Other element would receive the click: &amp;lt;div id=&amp;quot;adplus-anchor&amp;quot; data-google-query-id=&amp;quot;CIfvi4HZqv8CFcorAQodTzQMLQ&amp;quot;&amp;gt;...&amp;lt;/div&amp;gt;
  (Session info: MicrosoftEdge=114.0.1823.37)
Build info: version: &amp;apos;4.9.1&amp;apos;, revision: &amp;apos;eb2032df7f&amp;apos;
System info: os.name: &amp;apos;Windows 11&amp;apos;, os.arch: &amp;apos;amd64&amp;apos;, os.version: &amp;apos;10.0&amp;apos;, java.version: &amp;apos;20.0.1&amp;apos;
Driver info: org.openqa.selenium.edge.EdgeDriver
Command: [a1cd3033b85cd1f5aa4636f8af08c8c1, clickElement {id=F5D0B0DFFB4B77193BCD9A1F189CB738_element_47}]
Capabilities {acceptInsecureCerts: false, browserName: msedge, browserVersion: 114.0.1823.37, ms:edgeOptions: {debuggerAddress: localhost:57655}, msedge: {msedgedriverVersion: 114.0.1823.37 (7a86dd8802e2..., userDataDir: C:\Users\salim\AppData\Loca...}, networkConnectionEnabled: false, pageLoadStrategy: normal, platformName: windows, proxy: Proxy(), se:cdp: ws://localhost:57655/devtoo..., se:cdpVersion: 114.0.1823.37, setWindowRect: true, strictFileInteractability: false, timeouts: {implicit: 0, pageLoad: 300000, script: 30000}, unhandledPromptBehavior: dismiss and notify, webauthn:extension:credBlob: true, webauthn:extension:largeBlob: true, webauthn:extension:minPinLength: true, webauthn:extension:prf: true, webauthn:virtualAuthenticators: true}
Element: [[EdgeDriver: msedge on windows (a1cd3033b85cd1f5aa4636f8af08c8c1)] -&amp;gt; xpath: //h5[normalize-space()=&amp;apos;Book Store Application&amp;apos;]]
Session ID: a1cd3033b85cd1f5aa4636f8af08c8c1">
      <![CDATA[org.openqa.selenium.ElementClickInterceptedException: element click intercepted: Element <h5>...</h5> is not clickable at point (102, 498). Other element would receive the click: <div id="adplus-anchor" data-google-query-id="CIfvi4HZqv8CFcorAQodTzQMLQ">...</div>
  (Session info: MicrosoftEdge=114.0.1823.37)
Build info: version: '4.9.1', revision: 'eb2032df7f'
System info: os.name: 'Windows 11', os.arch: 'amd64', os.version: '10.0', java.version: '20.0.1'
Driver info: org.openqa.selenium.edge.EdgeDriver
Command: [a1cd3033b85cd1f5aa4636f8af08c8c1, clickElement {id=F5D0B0DFFB4B77193BCD9A1F189CB738_element_47}]
Capabilities {acceptInsecureCerts: false, browserName: msedge, browserVersion: 114.0.1823.37, ms:edgeOptions: {debuggerAddress: localhost:57655}, msedge: {msedgedriverVersion: 114.0.1823.37 (7a86dd8802e2..., userDataDir: C:\Users\salim\AppData\Loca...}, networkConnectionEnabled: false, pageLoadStrategy: normal, platformName: windows, proxy: Proxy(), se:cdp: ws://localhost:57655/devtoo..., se:cdpVersion: 114.0.1823.37, setWindowRect: true, strictFileInteractability: false, timeouts: {implicit: 0, pageLoad: 300000, script: 30000}, unhandledPromptBehavior: dismiss and notify, webauthn:extension:credBlob: true, webauthn:extension:largeBlob: true, webauthn:extension:minPinLength: true, webauthn:extension:prf: true, webauthn:virtualAuthenticators: true}
Element: [[EdgeDriver: msedge on windows (a1cd3033b85cd1f5aa4636f8af08c8c1)] -> xpath: //h5[normalize-space()='Book Store Application']]
Session ID: a1cd3033b85cd1f5aa4636f8af08c8c1
at org.openqa.selenium.remote.codec.w3c.W3CHttpResponseCodec.createException(W3CHttpResponseCodec.java:200)
at org.openqa.selenium.remote.codec.w3c.W3CHttpResponseCodec.decode(W3CHttpResponseCodec.java:133)
at org.openqa.selenium.remote.codec.w3c.W3CHttpResponseCodec.decode(W3CHttpResponseCodec.java:53)
at org.openqa.selenium.remote.HttpCommandExecutor.execute(HttpCommandExecutor.java:193)
at org.openqa.selenium.remote.service.DriverCommandExecutor.invokeExecute(DriverCommandExecutor.java:183)
at org.openqa.selenium.remote.service.DriverCommandExecutor.execute(DriverCommandExecutor.java:158)
at org.openqa.selenium.remote.RemoteWebDriver.execute(RemoteWebDriver.java:543)
at org.openqa.selenium.remote.RemoteWebElement.execute(RemoteWebElement.java:257)
at org.openqa.selenium.remote.RemoteWebElement.click(RemoteWebElement.java:78)
at multipleBrowsers.CrossBrowsing.runInFirefox(CrossBrowsing.java:42)
at java.base/java.util.ArrayList.forEach(ArrayList.java:1511)
... Removed 28 stack frames]]>
    </failure>
  </testcase> <!-- runInFirefox -->
</testsuite> <!-- EdgeTest -->
