<?xml version="1.0" encoding="UTF-8"?>
<!-- Generated by org.testng.reporters.JUnitXMLReporter -->
<testsuite ignored="0" hostname="Salim-PC" failures="0" tests="5" name="ParallelTest" time="15.477" errors="0" timestamp="2023-06-04T17:09:59 MDT">
  <testcase classname="multipleBrowsers.CrossBrowsing" name="@BeforeClass openInMultipleBrowsers" time="-1.685920184419E9">
    <failure type="org.testng.TestNGException" message="
Parameter &amp;apos;browser&amp;apos; is required by BeforeClass on method openInMultipleBrowsers but has not been marked @Optional or defined
in C:\Users\salim\workspace\ParallelTesting\parallel.xml">
      <![CDATA[org.testng.TestNGException: 
Parameter 'browser' is required by BeforeClass on method openInMultipleBrowsers but has not been marked @Optional or defined
in C:\Users\salim\workspace\ParallelTesting\parallel.xml
at java.base/java.util.concurrent.ThreadPoolExecutor.runWorker(ThreadPoolExecutor.java:1144)
at java.base/java.util.concurrent.ThreadPoolExecutor$Worker.run(ThreadPoolExecutor.java:642)
at java.base/java.lang.Thread.run(Thread.java:1623)
... Removed 7 stack frames]]>
    </failure>
  </testcase> <!-- @BeforeClass openInMultipleBrowsers -->
  <testcase classname="multipleBrowsers.CrossBrowsing" name="runInChrome" time="0.0">
    <skipped/>
  </testcase> <!-- runInChrome -->
  <testcase classname="multipleBrowsers.CrossBrowsing" name="runInEdge" time="0.0">
    <skipped/>
  </testcase> <!-- runInEdge -->
  <testcase classname="multipleBrowsers.CrossBrowsing" name="runInFirefox" time="0.0">
    <skipped/>
  </testcase> <!-- runInFirefox -->
  <testcase classname="multipleBrowsers.ParallelTest" name="chromeTest" time="9.435"/>
  <testcase classname="multipleBrowsers.ParallelTest" name="fireFoxTest" time="6.012"/>
</testsuite> <!-- ParallelTest -->
