<?xml version="1.0" encoding="UTF-8"?>
<testng-results ignored="0" total="4" passed="4" failed="0" skipped="0">
  <reporter-output>
  </reporter-output>
  <suite started-at="2023-06-18T10:09:11 MDT" name="Default suite" finished-at="2023-06-18T10:09:46 MDT" duration-ms="35254">
    <groups>
    </groups>
    <test started-at="2023-06-18T10:09:11 MDT" name="Default test" finished-at="2023-06-18T10:09:46 MDT" duration-ms="35254">
      <class name="dataProvider.DataReading">
        <test-method signature="readData(java.lang.String,java.lang.String)[pri:0, instance:dataProvider.DataReading@55b699ef]" started-at="2023-06-18T10:09:11 MDT" name="readData" data-provider="userIdAndPassword" finished-at="2023-06-18T10:09:27 MDT" duration-ms="15948" status="PASS">
          <params>
            <param index="0">
              <value>
                <![CDATA[edgetechnow]]>
              </value>
            </param>
            <param index="1">
              <value>
                <![CDATA[QaBatch@23]]>
              </value>
            </param>
          </params>
          <reporter-output>
          </reporter-output>
        </test-method> <!-- readData -->
        <test-method signature="readData(java.lang.String,java.lang.String)[pri:0, instance:dataProvider.DataReading@55b699ef]" started-at="2023-06-18T10:09:27 MDT" name="readData" data-provider="userIdAndPassword" finished-at="2023-06-18T10:09:37 MDT" duration-ms="9745" status="PASS">
          <params>
            <param index="0">
              <value>
                <![CDATA[EdgeTechNow]]>
              </value>
            </param>
            <param index="1">
              <value>
                <![CDATA[QaBatch]]>
              </value>
            </param>
          </params>
          <reporter-output>
          </reporter-output>
        </test-method> <!-- readData -->
        <test-method signature="readData(java.lang.String,java.lang.String)[pri:0, instance:dataProvider.DataReading@55b699ef]" started-at="2023-06-18T10:09:37 MDT" name="readData" data-provider="userIdAndPassword" finished-at="2023-06-18T10:09:46 MDT" duration-ms="9484" status="PASS">
          <params>
            <param index="0">
              <value>
                <![CDATA[SkillShare]]>
              </value>
            </param>
            <param index="1">
              <value>
                <![CDATA[ 2003]]>
              </value>
            </param>
          </params>
          <reporter-output>
          </reporter-output>
        </test-method> <!-- readData -->
        <test-method signature="readDataFromCSV()[pri:0, instance:dataProvider.DataReading@55b699ef]" started-at="2023-06-18T10:09:46 MDT" name="readDataFromCSV" finished-at="2023-06-18T10:09:46 MDT" duration-ms="6" status="PASS">
          <reporter-output>
          </reporter-output>
        </test-method> <!-- readDataFromCSV -->
      </class> <!-- dataProvider.DataReading -->
    </test> <!-- Default test -->
  </suite> <!-- Default suite -->
</testng-results>
